ipc2006-optsat/openstacks/p01.pddl    Initial heuristic value for ff(cost_type = one): 21
ipc2006-optsat/pathways/p01.pddl      Initial heuristic value for ff(cost_type = one): 6
ipc2006-optsat/pipesworld/p01.pddl    Initial heuristic value for ff(cost_type = one): 5
ipc2006-optsat/rovers/p01.pddl        Initial heuristic value for ff(cost_type = one): 9
ipc2006-optsat/tpp/p01.pddl           Initial heuristic value for ff(cost_type = one): 4
ipc2006-optsat/trucks/p01.pddl        Initial heuristic value for ff(cost_type = one): 11
ipc2008-opt/elevators-opt08/p01.pddl  Initial heuristic value for ff(cost_type = one): 13
ipc2008-opt/openstacks-opt08/p01.pddl Initial heuristic value for ff(cost_type = one): 16
ipc2008-opt/parcprinter-opt08/p01.pddlInitial heuristic value for ff(cost_type = one): 11
ipc2008-opt/pegsol-opt08/p01.pddl     Initial heuristic value for ff(cost_type = one): 5
ipc2008-opt/scanalyzer-opt08/p01.pddl Initial heuristic value for ff(cost_type = one): 8
ipc2008-opt/sokoban-opt08/p01.pddl    Initial heuristic value for ff(cost_type = one): 21
ipc2008-opt/transport-opt08/p01.pddl  Initial heuristic value for ff(cost_type = one): 5
ipc2008-opt/woodworking-opt08/p01.pddlInitial heuristic value for ff(cost_type = one): 11
ipc2011-opt/barman-opt11/p01.pddl     Initial heuristic value for ff(cost_type = one): 14
ipc2011-opt/elevators-opt11/p01.pddl  Initial heuristic value for ff(cost_type = one): 16
ipc2011-opt/floortile-opt11/p01.pddl  Initial heuristic value for ff(cost_type = one): 17
ipc2011-opt/nomystery-opt11/p01.pddl  Initial heuristic value for ff(cost_type = one): 9
ipc2011-opt/openstacks-opt11/p01.pddl Initial heuristic value for ff(cost_type = one): 31
ipc2011-opt/parcprinter-opt11/p01.pddlInitial heuristic value for ff(cost_type = one): 21
ipc2011-opt/parking-opt11/p01.pddl    Initial heuristic value for ff(cost_type = one): 19
ipc2011-opt/pegsol-opt11/p01.pddl     Initial heuristic value for ff(cost_type = one): 18
ipc2011-opt/scanalyzer-opt11/p01.pddl Initial heuristic value for ff(cost_type = one): 7
ipc2011-opt/sokoban-opt11/p01.pddl    Initial heuristic value for ff(cost_type = one): 6
ipc2011-opt/tidybot-opt11/p01.pddl    Initial heuristic value for ff(cost_type = one): 4
ipc2011-opt/transport-opt11/p01.pddl  Initial heuristic value for ff(cost_type = one): 15
ipc2011-opt/visitall-opt11/p01.pddl   Initial heuristic value for ff(cost_type = one): 3
ipc2011-opt/woodworking-opt11/p01.pddlInitial heuristic value for ff(cost_type = one): 14
