begin_version
3
end_version
begin_metric
1
end_metric
17
begin_variable
var21
-1
2
Atom uninitialized()
NegatedAtom uninitialized()
end_variable
begin_variable
var6
-1
2
Atom available(uime-rsrc)
NegatedAtom available(uime-rsrc)
end_variable
begin_variable
var5
-1
2
Atom available(uc1-rsrc)
NegatedAtom available(uc1-rsrc)
end_variable
begin_variable
var4
-1
2
Atom available(sys-rsrc)
NegatedAtom available(sys-rsrc)
end_variable
begin_variable
var3
-1
2
Atom available(lime-rsrc)
NegatedAtom available(lime-rsrc)
end_variable
begin_variable
var2
-1
2
Atom available(lc1-rsrc)
NegatedAtom available(lc1-rsrc)
end_variable
begin_variable
var1
-1
2
Atom available(hw1-rsrc)
NegatedAtom available(hw1-rsrc)
end_variable
begin_variable
var0
-1
2
Atom available(fe1-rsrc)
NegatedAtom available(fe1-rsrc)
end_variable
begin_variable
var17
-1
2
Atom notprintedwith(sheet1, front, color)
NegatedAtom notprintedwith(sheet1, front, color)
end_variable
begin_variable
var18
-1
2
Atom sideup(sheet1, back)
NegatedAtom sideup(sheet1, back)
end_variable
begin_variable
var13
-1
12
Atom location(sheet1, fe1_exit-hw1_leftentry)
Atom location(sheet1, hw1_rightexit-sys_entry)
Atom location(sheet1, hw1_toprightentry-uc1_exit)
Atom location(sheet1, lc1_entry-hw1_bottomleftexit)
Atom location(sheet1, lc1_entryfromime-lime_exit)
Atom location(sheet1, lc1_exit-hw1_bottomrightentry)
Atom location(sheet1, lime_entry-lc1_exittoime)
Atom location(sheet1, some_feeder_tray)
Atom location(sheet1, some_finisher_tray)
Atom location(sheet1, uc1_entry-hw1_topleftexit)
Atom location(sheet1, uc1_exittoime-uime_entry)
Atom location(sheet1, uime_exit-uc1_entryfromime)
end_variable
begin_variable
var14
-1
2
Atom notprintedwith(sheet1, back, black)
NegatedAtom notprintedwith(sheet1, back, black)
end_variable
begin_variable
var15
-1
2
Atom notprintedwith(sheet1, back, color)
NegatedAtom notprintedwith(sheet1, back, color)
end_variable
begin_variable
var19
-1
2
Atom sideup(sheet1, front)
NegatedAtom sideup(sheet1, front)
end_variable
begin_variable
var16
-1
2
Atom notprintedwith(sheet1, front, black)
NegatedAtom notprintedwith(sheet1, front, black)
end_variable
begin_variable
var20
-1
2
Atom stackedin(sheet1, sys_outputtray)
NegatedAtom stackedin(sheet1, sys_outputtray)
end_variable
begin_variable
var10
-1
2
Atom hasimage(sheet1, front, image-1)
NegatedAtom hasimage(sheet1, front, image-1)
end_variable
0
begin_state
0
1
1
1
1
1
1
1
0
1
7
0
0
1
0
1
1
end_state
begin_goal
6
11 0
12 0
13 0
14 0
15 0
16 0
end_goal
34
begin_operator
fe1-feed-letter sheet1
1
7 0
2
0 10 7 0
0 9 -1 0
224
end_operator
begin_operator
fe1-feedmsi-letter sheet1
1
7 0
2
0 10 7 0
0 9 -1 0
125
end_operator
begin_operator
hw1-bottomrightentrytobottomleftexit-letter sheet1
1
6 0
1
0 10 5 3
8999
end_operator
begin_operator
hw1-bottomrightentrytorightexit-letter sheet1
1
6 0
1
0 10 5 1
1499
end_operator
begin_operator
hw1-bottomrightentrytotopleftexit-letter sheet1
1
6 0
1
0 10 5 9
8999
end_operator
begin_operator
hw1-leftentrytobottomleftexit-letter sheet1
1
6 0
1
0 10 0 3
1499
end_operator
begin_operator
hw1-leftentrytotopleftexit-letter sheet1
1
6 0
1
0 10 0 9
1499
end_operator
begin_operator
hw1-toprightentrytobottomleftexit-letter sheet1
1
6 0
1
0 10 2 3
8999
end_operator
begin_operator
hw1-toprightentrytorightexit-letter sheet1
1
6 0
1
0 10 2 1
1499
end_operator
begin_operator
hw1-toprightentrytotopleftexit-letter sheet1
1
6 0
1
0 10 2 9
8999
end_operator
begin_operator
initialize 
0
8
0 7 -1 0
0 6 -1 0
0 5 -1 0
0 4 -1 0
0 3 -1 0
0 2 -1 0
0 1 -1 0
0 0 0 1
0
end_operator
begin_operator
lc1-fromime-letter sheet1
1
5 0
1
0 10 4 5
4999
end_operator
begin_operator
lc1-invertfromime-letter sheet1 back front
1
5 0
3
0 10 4 5
0 9 0 1
0 13 -1 0
9999
end_operator
begin_operator
lc1-invertfromime-letter sheet1 front back
1
5 0
3
0 10 4 5
0 9 -1 0
0 13 0 1
9999
end_operator
begin_operator
lc1-inverttoime-letter sheet1 back front
1
5 0
3
0 10 3 6
0 9 0 1
0 13 -1 0
9999
end_operator
begin_operator
lc1-inverttoime-letter sheet1 front back
1
5 0
3
0 10 3 6
0 9 -1 0
0 13 0 1
9999
end_operator
begin_operator
lc1-toime-letter sheet1
1
5 0
1
0 10 3 6
4999
end_operator
begin_operator
lime-simplex-letter sheet1 back image-1
2
4 0
9 0
2
0 10 6 4
0 12 0 1
212790
end_operator
begin_operator
lime-simplex-letter sheet1 front image-1
2
4 0
13 0
3
0 16 -1 0
0 10 6 4
0 8 0 1
212790
end_operator
begin_operator
lime-simplexmono-letter sheet1 back image-2
2
4 0
9 0
2
0 10 6 4
0 11 0 1
212790
end_operator
begin_operator
lime-simplexmono-letter sheet1 back image-3
2
4 0
9 0
2
0 10 6 4
0 11 0 1
212790
end_operator
begin_operator
lime-simplexmono-letter sheet1 front image-2
2
4 0
13 0
2
0 10 6 4
0 14 0 1
212790
end_operator
begin_operator
lime-simplexmono-letter sheet1 front image-3
2
4 0
13 0
2
0 10 6 4
0 14 0 1
212790
end_operator
begin_operator
sys-stack-letter sheet1 dummy-sheet
1
3 0
2
0 10 1 8
0 15 -1 0
1499
end_operator
begin_operator
uc1-fromime-letter sheet1
1
2 0
1
0 10 11 2
2999
end_operator
begin_operator
uc1-invertfromime-letter sheet1 back front
1
2 0
3
0 10 11 2
0 9 0 1
0 13 -1 0
8000
end_operator
begin_operator
uc1-invertfromime-letter sheet1 front back
1
2 0
3
0 10 11 2
0 9 -1 0
0 13 0 1
8000
end_operator
begin_operator
uc1-inverttoime-letter sheet1 back front
1
2 0
3
0 10 9 10
0 9 0 1
0 13 -1 0
8000
end_operator
begin_operator
uc1-inverttoime-letter sheet1 front back
1
2 0
3
0 10 9 10
0 9 -1 0
0 13 0 1
8000
end_operator
begin_operator
uc1-toime-letter sheet1
1
2 0
1
0 10 9 10
2999
end_operator
begin_operator
uime-simplex-letter sheet1 back image-2
2
1 0
9 0
2
0 10 10 11
0 11 0 1
127790
end_operator
begin_operator
uime-simplex-letter sheet1 back image-3
2
1 0
9 0
2
0 10 10 11
0 11 0 1
127790
end_operator
begin_operator
uime-simplex-letter sheet1 front image-2
2
1 0
13 0
2
0 10 10 11
0 14 0 1
127790
end_operator
begin_operator
uime-simplex-letter sheet1 front image-3
2
1 0
13 0
2
0 10 10 11
0 14 0 1
127790
end_operator
0
begin_SG
switch 7
check 0
switch 10
check 0
check 0
check 0
check 0
check 0
check 0
check 0
check 0
check 2
0
1
check 0
check 0
check 0
check 0
check 0
check 0
switch 6
check 0
switch 10
check 0
check 2
5
6
check 0
check 3
7
8
9
check 0
check 0
check 3
2
3
4
check 0
check 0
check 0
check 0
check 0
check 0
check 0
check 0
switch 5
check 0
switch 10
check 0
check 0
check 0
check 0
switch 11
check 1
16
check 0
check 0
switch 9
check 0
check 1
14
check 0
switch 13
check 0
check 1
15
check 0
check 0
switch 11
check 1
11
check 0
check 0
switch 9
check 0
check 1
12
check 0
switch 13
check 0
check 1
13
check 0
check 0
check 0
check 0
check 0
check 0
check 0
check 0
check 0
check 0
check 0
switch 4
check 0
switch 10
check 0
check 0
check 0
check 0
check 0
check 0
check 0
switch 11
check 0
switch 9
check 0
check 2
19
20
check 0
check 0
check 0
switch 12
check 0
switch 9
check 0
check 1
17
check 0
check 0
check 0
switch 14
check 0
switch 13
check 0
check 2
21
22
check 0
check 0
check 0
switch 8
check 0
switch 13
check 0
check 1
18
check 0
check 0
check 0
check 0
check 0
check 0
check 0
check 0
check 0
check 0
check 0
switch 3
check 0
switch 10
check 0
check 0
check 1
23
check 0
check 0
check 0
check 0
check 0
check 0
check 0
check 0
check 0
check 0
check 0
check 0
switch 2
check 0
switch 10
check 0
check 0
check 0
check 0
check 0
check 0
check 0
check 0
check 0
check 0
switch 11
check 1
29
check 0
check 0
switch 9
check 0
check 1
27
check 0
switch 13
check 0
check 1
28
check 0
check 0
check 0
switch 11
check 1
24
check 0
check 0
switch 9
check 0
check 1
25
check 0
switch 13
check 0
check 1
26
check 0
check 0
check 0
check 0
switch 1
check 0
switch 10
check 0
check 0
check 0
check 0
check 0
check 0
check 0
check 0
check 0
check 0
check 0
switch 11
check 0
switch 9
check 0
check 2
30
31
check 0
check 0
check 0
switch 14
check 0
switch 13
check 0
check 2
32
33
check 0
check 0
check 0
check 0
check 0
check 0
check 0
switch 0
check 0
check 1
10
check 0
check 0
end_SG
begin_DTG
1
1
10
0
0
end_DTG
begin_DTG
0
1
0
10
1
0 0
end_DTG
begin_DTG
0
1
0
10
1
0 0
end_DTG
begin_DTG
0
1
0
10
1
0 0
end_DTG
begin_DTG
0
1
0
10
1
0 0
end_DTG
begin_DTG
0
1
0
10
1
0 0
end_DTG
begin_DTG
0
1
0
10
1
0 0
end_DTG
begin_DTG
0
1
0
10
1
0 0
end_DTG
begin_DTG
1
1
18
3
4 0
10 6
13 0
0
end_DTG
begin_DTG
4
1
25
2
2 0
10 11
1
27
2
2 0
10 9
1
12
2
5 0
10 4
1
14
2
5 0
10 3
5
0
1
2
7 0
10 7
0
26
3
2 0
10 11
13 0
0
28
3
2 0
10 9
13 0
0
13
3
5 0
10 4
13 0
0
15
3
5 0
10 3
13 0
end_DTG
begin_DTG
2
3
5
1
6 0
9
6
1
6 0
1
8
23
1
3 0
3
1
8
1
6 0
3
7
1
6 0
9
9
1
6 0
1
6
16
1
5 0
1
5
11
1
5 0
3
1
3
1
6 0
3
2
1
6 0
9
4
1
6 0
4
4
17
3
4 0
12 0
9 0
4
18
3
4 0
8 0
13 0
4
19
3
4 0
11 0
9 0
4
21
3
4 0
14 0
13 0
1
0
1
1
7 0
0
1
10
29
1
2 0
2
11
30
3
1 0
11 0
9 0
11
32
3
1 0
14 0
13 0
1
2
24
1
2 0
end_DTG
begin_DTG
2
1
30
3
1 0
10 10
9 0
1
19
3
4 0
10 6
9 0
0
end_DTG
begin_DTG
1
1
17
3
4 0
10 6
9 0
0
end_DTG
begin_DTG
4
1
26
2
2 0
10 11
1
28
2
2 0
10 9
1
13
2
5 0
10 4
1
15
2
5 0
10 3
4
0
25
3
2 0
10 11
9 0
0
27
3
2 0
10 9
9 0
0
12
3
5 0
10 4
9 0
0
14
3
5 0
10 3
9 0
end_DTG
begin_DTG
2
1
32
3
1 0
10 10
13 0
1
21
3
4 0
10 6
13 0
0
end_DTG
begin_DTG
0
1
0
23
2
3 0
10 1
end_DTG
begin_DTG
0
1
0
18
4
4 0
10 6
8 0
13 0
end_DTG
begin_CG
7
7 1
6 1
5 1
4 1
3 1
2 1
1 1
3
10 4
11 2
14 2
3
10 6
9 4
13 4
2
10 1
15 1
6
16 1
10 6
11 2
12 1
14 2
8 1
3
10 6
9 4
13 4
1
10 8
2
10 2
9 2
2
16 1
10 1
4
10 9
11 4
12 1
13 4
8
16 1
11 4
12 1
14 4
8 1
9 10
13 8
15 1
1
10 4
1
10 1
5
16 1
10 9
14 4
8 1
9 4
1
10 4
0
0
end_CG
