begin_version
3
end_version
begin_metric
1
end_metric
35
begin_variable
var49
-1
2
Atom uninitialized()
NegatedAtom uninitialized()
end_variable
begin_variable
var6
-1
2
Atom available(uime-rsrc)
NegatedAtom available(uime-rsrc)
end_variable
begin_variable
var5
-1
2
Atom available(uc1-rsrc)
NegatedAtom available(uc1-rsrc)
end_variable
begin_variable
var4
-1
2
Atom available(sys-rsrc)
NegatedAtom available(sys-rsrc)
end_variable
begin_variable
var3
-1
2
Atom available(lime-rsrc)
NegatedAtom available(lime-rsrc)
end_variable
begin_variable
var2
-1
2
Atom available(lc1-rsrc)
NegatedAtom available(lc1-rsrc)
end_variable
begin_variable
var1
-1
2
Atom available(hw1-rsrc)
NegatedAtom available(hw1-rsrc)
end_variable
begin_variable
var0
-1
2
Atom available(fe1-rsrc)
NegatedAtom available(fe1-rsrc)
end_variable
begin_variable
var31
-1
2
Atom notprintedwith(sheet1, front, color)
NegatedAtom notprintedwith(sheet1, front, color)
end_variable
begin_variable
var40
-1
2
Atom sideup(sheet1, back)
NegatedAtom sideup(sheet1, back)
end_variable
begin_variable
var25
-1
12
Atom location(sheet1, fe1_exit-hw1_leftentry)
Atom location(sheet1, hw1_rightexit-sys_entry)
Atom location(sheet1, hw1_toprightentry-uc1_exit)
Atom location(sheet1, lc1_entry-hw1_bottomleftexit)
Atom location(sheet1, lc1_entryfromime-lime_exit)
Atom location(sheet1, lc1_exit-hw1_bottomrightentry)
Atom location(sheet1, lime_entry-lc1_exittoime)
Atom location(sheet1, some_feeder_tray)
Atom location(sheet1, some_finisher_tray)
Atom location(sheet1, uc1_entry-hw1_topleftexit)
Atom location(sheet1, uc1_exittoime-uime_entry)
Atom location(sheet1, uime_exit-uc1_entryfromime)
end_variable
begin_variable
var28
-1
2
Atom notprintedwith(sheet1, back, black)
NegatedAtom notprintedwith(sheet1, back, black)
end_variable
begin_variable
var29
-1
2
Atom notprintedwith(sheet1, back, color)
NegatedAtom notprintedwith(sheet1, back, color)
end_variable
begin_variable
var41
-1
2
Atom sideup(sheet1, front)
NegatedAtom sideup(sheet1, front)
end_variable
begin_variable
var30
-1
2
Atom notprintedwith(sheet1, front, black)
NegatedAtom notprintedwith(sheet1, front, black)
end_variable
begin_variable
var46
-1
2
Atom stackedin(sheet1, sys_outputtray)
NegatedAtom stackedin(sheet1, sys_outputtray)
end_variable
begin_variable
var34
-1
2
Atom notprintedwith(sheet2, front, black)
NegatedAtom notprintedwith(sheet2, front, black)
end_variable
begin_variable
var42
-1
2
Atom sideup(sheet2, back)
NegatedAtom sideup(sheet2, back)
end_variable
begin_variable
var26
-1
12
Atom location(sheet2, fe1_exit-hw1_leftentry)
Atom location(sheet2, hw1_rightexit-sys_entry)
Atom location(sheet2, hw1_toprightentry-uc1_exit)
Atom location(sheet2, lc1_entry-hw1_bottomleftexit)
Atom location(sheet2, lc1_entryfromime-lime_exit)
Atom location(sheet2, lc1_exit-hw1_bottomrightentry)
Atom location(sheet2, lime_entry-lc1_exittoime)
Atom location(sheet2, some_feeder_tray)
Atom location(sheet2, some_finisher_tray)
Atom location(sheet2, uc1_entry-hw1_topleftexit)
Atom location(sheet2, uc1_exittoime-uime_entry)
Atom location(sheet2, uime_exit-uc1_entryfromime)
end_variable
begin_variable
var32
-1
2
Atom notprintedwith(sheet2, back, black)
NegatedAtom notprintedwith(sheet2, back, black)
end_variable
begin_variable
var33
-1
2
Atom notprintedwith(sheet2, back, color)
NegatedAtom notprintedwith(sheet2, back, color)
end_variable
begin_variable
var43
-1
2
Atom sideup(sheet2, front)
NegatedAtom sideup(sheet2, front)
end_variable
begin_variable
var35
-1
2
Atom notprintedwith(sheet2, front, color)
NegatedAtom notprintedwith(sheet2, front, color)
end_variable
begin_variable
var47
-1
2
Atom stackedin(sheet2, sys_outputtray)
NegatedAtom stackedin(sheet2, sys_outputtray)
end_variable
begin_variable
var38
-1
2
Atom notprintedwith(sheet3, front, black)
NegatedAtom notprintedwith(sheet3, front, black)
end_variable
begin_variable
var44
-1
2
Atom sideup(sheet3, back)
NegatedAtom sideup(sheet3, back)
end_variable
begin_variable
var27
-1
12
Atom location(sheet3, fe1_exit-hw1_leftentry)
Atom location(sheet3, hw1_rightexit-sys_entry)
Atom location(sheet3, hw1_toprightentry-uc1_exit)
Atom location(sheet3, lc1_entry-hw1_bottomleftexit)
Atom location(sheet3, lc1_entryfromime-lime_exit)
Atom location(sheet3, lc1_exit-hw1_bottomrightentry)
Atom location(sheet3, lime_entry-lc1_exittoime)
Atom location(sheet3, some_feeder_tray)
Atom location(sheet3, some_finisher_tray)
Atom location(sheet3, uc1_entry-hw1_topleftexit)
Atom location(sheet3, uc1_exittoime-uime_entry)
Atom location(sheet3, uime_exit-uc1_entryfromime)
end_variable
begin_variable
var36
-1
2
Atom notprintedwith(sheet3, back, black)
NegatedAtom notprintedwith(sheet3, back, black)
end_variable
begin_variable
var37
-1
2
Atom notprintedwith(sheet3, back, color)
NegatedAtom notprintedwith(sheet3, back, color)
end_variable
begin_variable
var45
-1
2
Atom sideup(sheet3, front)
NegatedAtom sideup(sheet3, front)
end_variable
begin_variable
var39
-1
2
Atom notprintedwith(sheet3, front, color)
NegatedAtom notprintedwith(sheet3, front, color)
end_variable
begin_variable
var48
-1
2
Atom stackedin(sheet3, sys_outputtray)
NegatedAtom stackedin(sheet3, sys_outputtray)
end_variable
begin_variable
var24
-1
2
Atom hasimage(sheet3, front, image-3)
NegatedAtom hasimage(sheet3, front, image-3)
end_variable
begin_variable
var17
-1
2
Atom hasimage(sheet2, front, image-2)
NegatedAtom hasimage(sheet2, front, image-2)
end_variable
begin_variable
var10
-1
2
Atom hasimage(sheet1, front, image-1)
NegatedAtom hasimage(sheet1, front, image-1)
end_variable
0
begin_state
0
1
1
1
1
1
1
1
0
1
7
0
0
1
0
1
0
1
7
0
0
1
0
1
0
1
7
0
0
1
0
1
1
1
1
end_state
begin_goal
18
11 0
12 0
13 0
14 0
15 0
19 0
20 0
21 0
22 0
23 0
27 0
28 0
29 0
30 0
31 0
32 0
33 0
34 0
end_goal
100
begin_operator
fe1-feed-letter sheet1
1
7 0
2
0 10 7 0
0 9 -1 0
224
end_operator
begin_operator
fe1-feed-letter sheet2
1
7 0
2
0 18 7 0
0 17 -1 0
224
end_operator
begin_operator
fe1-feed-letter sheet3
1
7 0
2
0 26 7 0
0 25 -1 0
224
end_operator
begin_operator
fe1-feedmsi-letter sheet1
1
7 0
2
0 10 7 0
0 9 -1 0
125
end_operator
begin_operator
fe1-feedmsi-letter sheet2
1
7 0
2
0 18 7 0
0 17 -1 0
125
end_operator
begin_operator
fe1-feedmsi-letter sheet3
1
7 0
2
0 26 7 0
0 25 -1 0
125
end_operator
begin_operator
hw1-bottomrightentrytobottomleftexit-letter sheet1
1
6 0
1
0 10 5 3
8999
end_operator
begin_operator
hw1-bottomrightentrytobottomleftexit-letter sheet2
1
6 0
1
0 18 5 3
8999
end_operator
begin_operator
hw1-bottomrightentrytobottomleftexit-letter sheet3
1
6 0
1
0 26 5 3
8999
end_operator
begin_operator
hw1-bottomrightentrytorightexit-letter sheet1
1
6 0
1
0 10 5 1
1499
end_operator
begin_operator
hw1-bottomrightentrytorightexit-letter sheet2
1
6 0
1
0 18 5 1
1499
end_operator
begin_operator
hw1-bottomrightentrytorightexit-letter sheet3
1
6 0
1
0 26 5 1
1499
end_operator
begin_operator
hw1-bottomrightentrytotopleftexit-letter sheet1
1
6 0
1
0 10 5 9
8999
end_operator
begin_operator
hw1-bottomrightentrytotopleftexit-letter sheet2
1
6 0
1
0 18 5 9
8999
end_operator
begin_operator
hw1-bottomrightentrytotopleftexit-letter sheet3
1
6 0
1
0 26 5 9
8999
end_operator
begin_operator
hw1-leftentrytobottomleftexit-letter sheet1
1
6 0
1
0 10 0 3
1499
end_operator
begin_operator
hw1-leftentrytobottomleftexit-letter sheet2
1
6 0
1
0 18 0 3
1499
end_operator
begin_operator
hw1-leftentrytobottomleftexit-letter sheet3
1
6 0
1
0 26 0 3
1499
end_operator
begin_operator
hw1-leftentrytotopleftexit-letter sheet1
1
6 0
1
0 10 0 9
1499
end_operator
begin_operator
hw1-leftentrytotopleftexit-letter sheet2
1
6 0
1
0 18 0 9
1499
end_operator
begin_operator
hw1-leftentrytotopleftexit-letter sheet3
1
6 0
1
0 26 0 9
1499
end_operator
begin_operator
hw1-toprightentrytobottomleftexit-letter sheet1
1
6 0
1
0 10 2 3
8999
end_operator
begin_operator
hw1-toprightentrytobottomleftexit-letter sheet2
1
6 0
1
0 18 2 3
8999
end_operator
begin_operator
hw1-toprightentrytobottomleftexit-letter sheet3
1
6 0
1
0 26 2 3
8999
end_operator
begin_operator
hw1-toprightentrytorightexit-letter sheet1
1
6 0
1
0 10 2 1
1499
end_operator
begin_operator
hw1-toprightentrytorightexit-letter sheet2
1
6 0
1
0 18 2 1
1499
end_operator
begin_operator
hw1-toprightentrytorightexit-letter sheet3
1
6 0
1
0 26 2 1
1499
end_operator
begin_operator
hw1-toprightentrytotopleftexit-letter sheet1
1
6 0
1
0 10 2 9
8999
end_operator
begin_operator
hw1-toprightentrytotopleftexit-letter sheet2
1
6 0
1
0 18 2 9
8999
end_operator
begin_operator
hw1-toprightentrytotopleftexit-letter sheet3
1
6 0
1
0 26 2 9
8999
end_operator
begin_operator
initialize 
0
8
0 7 -1 0
0 6 -1 0
0 5 -1 0
0 4 -1 0
0 3 -1 0
0 2 -1 0
0 1 -1 0
0 0 0 1
0
end_operator
begin_operator
lc1-fromime-letter sheet1
1
5 0
1
0 10 4 5
4999
end_operator
begin_operator
lc1-fromime-letter sheet2
1
5 0
1
0 18 4 5
4999
end_operator
begin_operator
lc1-fromime-letter sheet3
1
5 0
1
0 26 4 5
4999
end_operator
begin_operator
lc1-invertfromime-letter sheet1 back front
1
5 0
3
0 10 4 5
0 9 0 1
0 13 -1 0
9999
end_operator
begin_operator
lc1-invertfromime-letter sheet1 front back
1
5 0
3
0 10 4 5
0 9 -1 0
0 13 0 1
9999
end_operator
begin_operator
lc1-invertfromime-letter sheet2 back front
1
5 0
3
0 18 4 5
0 17 0 1
0 21 -1 0
9999
end_operator
begin_operator
lc1-invertfromime-letter sheet2 front back
1
5 0
3
0 18 4 5
0 17 -1 0
0 21 0 1
9999
end_operator
begin_operator
lc1-invertfromime-letter sheet3 back front
1
5 0
3
0 26 4 5
0 25 0 1
0 29 -1 0
9999
end_operator
begin_operator
lc1-invertfromime-letter sheet3 front back
1
5 0
3
0 26 4 5
0 25 -1 0
0 29 0 1
9999
end_operator
begin_operator
lc1-inverttoime-letter sheet1 back front
1
5 0
3
0 10 3 6
0 9 0 1
0 13 -1 0
9999
end_operator
begin_operator
lc1-inverttoime-letter sheet1 front back
1
5 0
3
0 10 3 6
0 9 -1 0
0 13 0 1
9999
end_operator
begin_operator
lc1-inverttoime-letter sheet2 back front
1
5 0
3
0 18 3 6
0 17 0 1
0 21 -1 0
9999
end_operator
begin_operator
lc1-inverttoime-letter sheet2 front back
1
5 0
3
0 18 3 6
0 17 -1 0
0 21 0 1
9999
end_operator
begin_operator
lc1-inverttoime-letter sheet3 back front
1
5 0
3
0 26 3 6
0 25 0 1
0 29 -1 0
9999
end_operator
begin_operator
lc1-inverttoime-letter sheet3 front back
1
5 0
3
0 26 3 6
0 25 -1 0
0 29 0 1
9999
end_operator
begin_operator
lc1-toime-letter sheet1
1
5 0
1
0 10 3 6
4999
end_operator
begin_operator
lc1-toime-letter sheet2
1
5 0
1
0 18 3 6
4999
end_operator
begin_operator
lc1-toime-letter sheet3
1
5 0
1
0 26 3 6
4999
end_operator
begin_operator
lime-simplex-letter sheet1 back image-1
2
4 0
9 0
2
0 10 6 4
0 12 0 1
212790
end_operator
begin_operator
lime-simplex-letter sheet1 front image-1
2
4 0
13 0
3
0 34 -1 0
0 10 6 4
0 8 0 1
212790
end_operator
begin_operator
lime-simplex-letter sheet2 back image-1
2
4 0
17 0
2
0 18 6 4
0 20 0 1
212790
end_operator
begin_operator
lime-simplex-letter sheet2 front image-1
2
4 0
21 0
2
0 18 6 4
0 22 0 1
212790
end_operator
begin_operator
lime-simplex-letter sheet3 back image-1
2
4 0
25 0
2
0 26 6 4
0 28 0 1
212790
end_operator
begin_operator
lime-simplex-letter sheet3 front image-1
2
4 0
29 0
2
0 26 6 4
0 30 0 1
212790
end_operator
begin_operator
lime-simplexmono-letter sheet1 back image-2
2
4 0
9 0
2
0 10 6 4
0 11 0 1
212790
end_operator
begin_operator
lime-simplexmono-letter sheet1 back image-3
2
4 0
9 0
2
0 10 6 4
0 11 0 1
212790
end_operator
begin_operator
lime-simplexmono-letter sheet1 front image-2
2
4 0
13 0
2
0 10 6 4
0 14 0 1
212790
end_operator
begin_operator
lime-simplexmono-letter sheet1 front image-3
2
4 0
13 0
2
0 10 6 4
0 14 0 1
212790
end_operator
begin_operator
lime-simplexmono-letter sheet2 back image-2
2
4 0
17 0
2
0 18 6 4
0 19 0 1
212790
end_operator
begin_operator
lime-simplexmono-letter sheet2 back image-3
2
4 0
17 0
2
0 18 6 4
0 19 0 1
212790
end_operator
begin_operator
lime-simplexmono-letter sheet2 front image-2
2
4 0
21 0
3
0 33 -1 0
0 18 6 4
0 16 0 1
212790
end_operator
begin_operator
lime-simplexmono-letter sheet2 front image-3
2
4 0
21 0
2
0 18 6 4
0 16 0 1
212790
end_operator
begin_operator
lime-simplexmono-letter sheet3 back image-2
2
4 0
25 0
2
0 26 6 4
0 27 0 1
212790
end_operator
begin_operator
lime-simplexmono-letter sheet3 back image-3
2
4 0
25 0
2
0 26 6 4
0 27 0 1
212790
end_operator
begin_operator
lime-simplexmono-letter sheet3 front image-2
2
4 0
29 0
2
0 26 6 4
0 24 0 1
212790
end_operator
begin_operator
lime-simplexmono-letter sheet3 front image-3
2
4 0
29 0
3
0 32 -1 0
0 26 6 4
0 24 0 1
212790
end_operator
begin_operator
sys-stack-letter sheet1 dummy-sheet
1
3 0
2
0 10 1 8
0 15 -1 0
1499
end_operator
begin_operator
sys-stack-letter sheet2 sheet1
2
3 0
10 8
2
0 18 1 8
0 23 -1 0
1499
end_operator
begin_operator
sys-stack-letter sheet3 sheet2
2
3 0
18 8
2
0 26 1 8
0 31 -1 0
1499
end_operator
begin_operator
uc1-fromime-letter sheet1
1
2 0
1
0 10 11 2
2999
end_operator
begin_operator
uc1-fromime-letter sheet2
1
2 0
1
0 18 11 2
2999
end_operator
begin_operator
uc1-fromime-letter sheet3
1
2 0
1
0 26 11 2
2999
end_operator
begin_operator
uc1-invertfromime-letter sheet1 back front
1
2 0
3
0 10 11 2
0 9 0 1
0 13 -1 0
8000
end_operator
begin_operator
uc1-invertfromime-letter sheet1 front back
1
2 0
3
0 10 11 2
0 9 -1 0
0 13 0 1
8000
end_operator
begin_operator
uc1-invertfromime-letter sheet2 back front
1
2 0
3
0 18 11 2
0 17 0 1
0 21 -1 0
8000
end_operator
begin_operator
uc1-invertfromime-letter sheet2 front back
1
2 0
3
0 18 11 2
0 17 -1 0
0 21 0 1
8000
end_operator
begin_operator
uc1-invertfromime-letter sheet3 back front
1
2 0
3
0 26 11 2
0 25 0 1
0 29 -1 0
8000
end_operator
begin_operator
uc1-invertfromime-letter sheet3 front back
1
2 0
3
0 26 11 2
0 25 -1 0
0 29 0 1
8000
end_operator
begin_operator
uc1-inverttoime-letter sheet1 back front
1
2 0
3
0 10 9 10
0 9 0 1
0 13 -1 0
8000
end_operator
begin_operator
uc1-inverttoime-letter sheet1 front back
1
2 0
3
0 10 9 10
0 9 -1 0
0 13 0 1
8000
end_operator
begin_operator
uc1-inverttoime-letter sheet2 back front
1
2 0
3
0 18 9 10
0 17 0 1
0 21 -1 0
8000
end_operator
begin_operator
uc1-inverttoime-letter sheet2 front back
1
2 0
3
0 18 9 10
0 17 -1 0
0 21 0 1
8000
end_operator
begin_operator
uc1-inverttoime-letter sheet3 back front
1
2 0
3
0 26 9 10
0 25 0 1
0 29 -1 0
8000
end_operator
begin_operator
uc1-inverttoime-letter sheet3 front back
1
2 0
3
0 26 9 10
0 25 -1 0
0 29 0 1
8000
end_operator
begin_operator
uc1-toime-letter sheet1
1
2 0
1
0 10 9 10
2999
end_operator
begin_operator
uc1-toime-letter sheet2
1
2 0
1
0 18 9 10
2999
end_operator
begin_operator
uc1-toime-letter sheet3
1
2 0
1
0 26 9 10
2999
end_operator
begin_operator
uime-simplex-letter sheet1 back image-2
2
1 0
9 0
2
0 10 10 11
0 11 0 1
127790
end_operator
begin_operator
uime-simplex-letter sheet1 back image-3
2
1 0
9 0
2
0 10 10 11
0 11 0 1
127790
end_operator
begin_operator
uime-simplex-letter sheet1 front image-2
2
1 0
13 0
2
0 10 10 11
0 14 0 1
127790
end_operator
begin_operator
uime-simplex-letter sheet1 front image-3
2
1 0
13 0
2
0 10 10 11
0 14 0 1
127790
end_operator
begin_operator
uime-simplex-letter sheet2 back image-2
2
1 0
17 0
2
0 18 10 11
0 19 0 1
127790
end_operator
begin_operator
uime-simplex-letter sheet2 back image-3
2
1 0
17 0
2
0 18 10 11
0 19 0 1
127790
end_operator
begin_operator
uime-simplex-letter sheet2 front image-2
2
1 0
21 0
3
0 33 -1 0
0 18 10 11
0 16 0 1
127790
end_operator
begin_operator
uime-simplex-letter sheet2 front image-3
2
1 0
21 0
2
0 18 10 11
0 16 0 1
127790
end_operator
begin_operator
uime-simplex-letter sheet3 back image-2
2
1 0
25 0
2
0 26 10 11
0 27 0 1
127790
end_operator
begin_operator
uime-simplex-letter sheet3 back image-3
2
1 0
25 0
2
0 26 10 11
0 27 0 1
127790
end_operator
begin_operator
uime-simplex-letter sheet3 front image-2
2
1 0
29 0
2
0 26 10 11
0 24 0 1
127790
end_operator
begin_operator
uime-simplex-letter sheet3 front image-3
2
1 0
29 0
3
0 32 -1 0
0 26 10 11
0 24 0 1
127790
end_operator
0
begin_SG
switch 7
check 0
switch 10
check 0
check 0
check 0
check 0
check 0
check 0
check 0
check 0
check 2
0
3
check 0
check 0
check 0
check 0
switch 18
check 0
check 0
check 0
check 0
check 0
check 0
check 0
check 0
check 2
1
4
check 0
check 0
check 0
check 0
switch 26
check 0
check 0
check 0
check 0
check 0
check 0
check 0
check 0
check 2
2
5
check 0
check 0
check 0
check 0
check 0
check 0
switch 6
check 0
switch 10
check 0
check 2
15
18
check 0
check 3
21
24
27
check 0
check 0
check 3
6
9
12
check 0
check 0
check 0
check 0
check 0
check 0
switch 18
check 0
check 2
16
19
check 0
check 3
22
25
28
check 0
check 0
check 3
7
10
13
check 0
check 0
check 0
check 0
check 0
check 0
switch 26
check 0
check 2
17
20
check 0
check 3
23
26
29
check 0
check 0
check 3
8
11
14
check 0
check 0
check 0
check 0
check 0
check 0
check 0
check 0
switch 5
check 0
switch 10
check 0
check 0
check 0
check 0
switch 18
check 1
46
check 0
check 0
check 0
check 0
check 0
check 0
check 0
check 0
check 0
check 0
check 0
check 0
switch 9
check 0
check 1
40
check 0
switch 13
check 0
check 1
41
check 0
check 0
switch 18
check 1
31
check 0
check 0
check 0
check 0
check 0
check 0
check 0
check 0
check 0
check 0
check 0
check 0
switch 9
check 0
check 1
34
check 0
switch 13
check 0
check 1
35
check 0
check 0
check 0
check 0
check 0
check 0
check 0
check 0
check 0
switch 18
check 0
check 0
check 0
check 0
switch 26
check 1
47
check 0
check 0
check 0
check 0
check 0
check 0
check 0
check 0
check 0
check 0
check 0
check 0
switch 17
check 0
check 1
42
check 0
switch 21
check 0
check 1
43
check 0
check 0
switch 26
check 1
32
check 0
check 0
check 0
check 0
check 0
check 0
check 0
check 0
check 0
check 0
check 0
check 0
switch 17
check 0
check 1
36
check 0
switch 21
check 0
check 1
37
check 0
check 0
check 0
check 0
check 0
check 0
check 0
check 0
check 0
switch 26
check 0
check 0
check 0
check 0
switch 11
check 1
48
check 0
check 0
switch 25
check 0
check 1
44
check 0
switch 29
check 0
check 1
45
check 0
check 0
switch 11
check 1
33
check 0
check 0
switch 25
check 0
check 1
38
check 0
switch 29
check 0
check 1
39
check 0
check 0
check 0
check 0
check 0
check 0
check 0
check 0
check 0
check 0
check 0
switch 4
check 0
switch 10
check 0
check 0
check 0
check 0
check 0
check 0
check 0
switch 11
check 0
switch 9
check 0
check 2
55
56
check 0
check 0
check 0
switch 12
check 0
switch 9
check 0
check 1
49
check 0
check 0
check 0
switch 14
check 0
switch 13
check 0
check 2
57
58
check 0
check 0
check 0
switch 8
check 0
switch 13
check 0
check 1
50
check 0
check 0
check 0
check 0
check 0
check 0
check 0
check 0
check 0
switch 18
check 0
check 0
check 0
check 0
check 0
check 0
check 0
switch 19
check 0
switch 17
check 0
check 2
59
60
check 0
check 0
check 0
switch 20
check 0
switch 17
check 0
check 1
51
check 0
check 0
check 0
switch 16
check 0
switch 21
check 0
check 2
61
62
check 0
check 0
check 0
switch 22
check 0
switch 21
check 0
check 1
52
check 0
check 0
check 0
check 0
check 0
check 0
check 0
check 0
check 0
switch 26
check 0
check 0
check 0
check 0
check 0
check 0
check 0
switch 27
check 0
switch 25
check 0
check 2
63
64
check 0
check 0
check 0
switch 28
check 0
switch 25
check 0
check 1
53
check 0
check 0
check 0
switch 24
check 0
switch 29
check 0
check 2
65
66
check 0
check 0
check 0
switch 30
check 0
switch 29
check 0
check 1
54
check 0
check 0
check 0
check 0
check 0
check 0
check 0
check 0
check 0
check 0
check 0
switch 3
check 0
switch 10
check 0
check 0
check 1
67
check 0
check 0
check 0
check 0
check 0
check 0
switch 18
check 0
check 0
check 1
68
check 0
check 0
check 0
check 0
check 0
check 0
check 0
check 0
check 0
check 0
check 0
check 0
check 0
check 0
switch 18
check 0
check 0
check 0
check 0
check 0
check 0
check 0
check 0
check 0
switch 26
check 0
check 0
check 1
69
check 0
check 0
check 0
check 0
check 0
check 0
check 0
check 0
check 0
check 0
check 0
check 0
check 0
check 0
check 0
check 0
switch 2
check 0
switch 10
check 0
check 0
check 0
check 0
check 0
check 0
check 0
check 0
check 0
check 0
switch 18
check 1
85
check 0
check 0
check 0
check 0
check 0
check 0
check 0
check 0
check 0
check 0
check 0
check 0
switch 9
check 0
check 1
79
check 0
switch 13
check 0
check 1
80
check 0
check 0
check 0
switch 18
check 1
70
check 0
check 0
check 0
check 0
check 0
check 0
check 0
check 0
check 0
check 0
check 0
check 0
switch 9
check 0
check 1
73
check 0
switch 13
check 0
check 1
74
check 0
check 0
switch 18
check 0
check 0
check 0
check 0
check 0
check 0
check 0
check 0
check 0
check 0
switch 26
check 1
86
check 0
check 0
check 0
check 0
check 0
check 0
check 0
check 0
check 0
check 0
check 0
check 0
switch 17
check 0
check 1
81
check 0
switch 21
check 0
check 1
82
check 0
check 0
check 0
switch 26
check 1
71
check 0
check 0
check 0
check 0
check 0
check 0
check 0
check 0
check 0
check 0
check 0
check 0
switch 17
check 0
check 1
75
check 0
switch 21
check 0
check 1
76
check 0
check 0
switch 26
check 0
check 0
check 0
check 0
check 0
check 0
check 0
check 0
check 0
check 0
switch 11
check 1
87
check 0
check 0
switch 25
check 0
check 1
83
check 0
switch 29
check 0
check 1
84
check 0
check 0
check 0
switch 11
check 1
72
check 0
check 0
switch 25
check 0
check 1
77
check 0
switch 29
check 0
check 1
78
check 0
check 0
check 0
check 0
switch 1
check 0
switch 10
check 0
check 0
check 0
check 0
check 0
check 0
check 0
check 0
check 0
check 0
check 0
switch 11
check 0
switch 9
check 0
check 2
88
89
check 0
check 0
check 0
switch 14
check 0
switch 13
check 0
check 2
90
91
check 0
check 0
check 0
check 0
check 0
switch 18
check 0
check 0
check 0
check 0
check 0
check 0
check 0
check 0
check 0
check 0
check 0
switch 19
check 0
switch 17
check 0
check 2
92
93
check 0
check 0
check 0
switch 16
check 0
switch 21
check 0
check 2
94
95
check 0
check 0
check 0
check 0
check 0
switch 26
check 0
check 0
check 0
check 0
check 0
check 0
check 0
check 0
check 0
check 0
check 0
switch 27
check 0
switch 25
check 0
check 2
96
97
check 0
check 0
check 0
switch 24
check 0
switch 29
check 0
check 2
98
99
check 0
check 0
check 0
check 0
check 0
check 0
check 0
switch 0
check 0
check 1
30
check 0
check 0
end_SG
begin_DTG
1
1
30
0
0
end_DTG
begin_DTG
0
1
0
30
1
0 0
end_DTG
begin_DTG
0
1
0
30
1
0 0
end_DTG
begin_DTG
0
1
0
30
1
0 0
end_DTG
begin_DTG
0
1
0
30
1
0 0
end_DTG
begin_DTG
0
1
0
30
1
0 0
end_DTG
begin_DTG
0
1
0
30
1
0 0
end_DTG
begin_DTG
0
1
0
30
1
0 0
end_DTG
begin_DTG
1
1
50
3
4 0
10 6
13 0
0
end_DTG
begin_DTG
4
1
73
2
2 0
10 11
1
79
2
2 0
10 9
1
34
2
5 0
10 4
1
40
2
5 0
10 3
5
0
3
2
7 0
10 7
0
74
3
2 0
10 11
13 0
0
80
3
2 0
10 9
13 0
0
35
3
5 0
10 4
13 0
0
41
3
5 0
10 3
13 0
end_DTG
begin_DTG
2
3
15
1
6 0
9
18
1
6 0
1
8
67
1
3 0
3
1
24
1
6 0
3
21
1
6 0
9
27
1
6 0
1
6
46
1
5 0
1
5
31
1
5 0
3
1
9
1
6 0
3
6
1
6 0
9
12
1
6 0
4
4
49
3
4 0
12 0
9 0
4
50
3
4 0
8 0
13 0
4
55
3
4 0
11 0
9 0
4
57
3
4 0
14 0
13 0
1
0
3
1
7 0
0
1
10
85
1
2 0
2
11
88
3
1 0
11 0
9 0
11
90
3
1 0
14 0
13 0
1
2
70
1
2 0
end_DTG
begin_DTG
2
1
88
3
1 0
10 10
9 0
1
55
3
4 0
10 6
9 0
0
end_DTG
begin_DTG
1
1
49
3
4 0
10 6
9 0
0
end_DTG
begin_DTG
4
1
74
2
2 0
10 11
1
80
2
2 0
10 9
1
35
2
5 0
10 4
1
41
2
5 0
10 3
4
0
73
3
2 0
10 11
9 0
0
79
3
2 0
10 9
9 0
0
34
3
5 0
10 4
9 0
0
40
3
5 0
10 3
9 0
end_DTG
begin_DTG
2
1
90
3
1 0
10 10
13 0
1
57
3
4 0
10 6
13 0
0
end_DTG
begin_DTG
0
1
0
67
2
3 0
10 1
end_DTG
begin_DTG
2
1
94
3
1 0
18 10
21 0
1
61
3
4 0
18 6
21 0
0
end_DTG
begin_DTG
4
1
75
2
2 0
18 11
1
81
2
2 0
18 9
1
36
2
5 0
18 4
1
42
2
5 0
18 3
5
0
4
2
7 0
18 7
0
76
3
2 0
18 11
21 0
0
82
3
2 0
18 9
21 0
0
37
3
5 0
18 4
21 0
0
43
3
5 0
18 3
21 0
end_DTG
begin_DTG
2
3
16
1
6 0
9
19
1
6 0
1
8
68
2
3 0
10 8
3
1
25
1
6 0
3
22
1
6 0
9
28
1
6 0
1
6
47
1
5 0
1
5
32
1
5 0
3
1
10
1
6 0
3
7
1
6 0
9
13
1
6 0
4
4
51
3
4 0
20 0
17 0
4
52
3
4 0
22 0
21 0
4
59
3
4 0
19 0
17 0
4
61
3
4 0
16 0
21 0
1
0
4
1
7 0
0
1
10
86
1
2 0
2
11
92
3
1 0
19 0
17 0
11
94
3
1 0
16 0
21 0
1
2
71
1
2 0
end_DTG
begin_DTG
2
1
92
3
1 0
18 10
17 0
1
59
3
4 0
18 6
17 0
0
end_DTG
begin_DTG
1
1
51
3
4 0
18 6
17 0
0
end_DTG
begin_DTG
4
1
76
2
2 0
18 11
1
82
2
2 0
18 9
1
37
2
5 0
18 4
1
43
2
5 0
18 3
4
0
75
3
2 0
18 11
17 0
0
81
3
2 0
18 9
17 0
0
36
3
5 0
18 4
17 0
0
42
3
5 0
18 3
17 0
end_DTG
begin_DTG
1
1
52
3
4 0
18 6
21 0
0
end_DTG
begin_DTG
0
1
0
68
3
3 0
10 8
18 1
end_DTG
begin_DTG
2
1
98
3
1 0
26 10
29 0
1
65
3
4 0
26 6
29 0
0
end_DTG
begin_DTG
4
1
77
2
2 0
26 11
1
83
2
2 0
26 9
1
38
2
5 0
26 4
1
44
2
5 0
26 3
5
0
5
2
7 0
26 7
0
78
3
2 0
26 11
29 0
0
84
3
2 0
26 9
29 0
0
39
3
5 0
26 4
29 0
0
45
3
5 0
26 3
29 0
end_DTG
begin_DTG
2
3
17
1
6 0
9
20
1
6 0
1
8
69
2
3 0
18 8
3
1
26
1
6 0
3
23
1
6 0
9
29
1
6 0
1
6
48
1
5 0
1
5
33
1
5 0
3
1
11
1
6 0
3
8
1
6 0
9
14
1
6 0
4
4
53
3
4 0
28 0
25 0
4
54
3
4 0
30 0
29 0
4
63
3
4 0
27 0
25 0
4
65
3
4 0
24 0
29 0
1
0
5
1
7 0
0
1
10
87
1
2 0
2
11
96
3
1 0
27 0
25 0
11
98
3
1 0
24 0
29 0
1
2
72
1
2 0
end_DTG
begin_DTG
2
1
96
3
1 0
26 10
25 0
1
63
3
4 0
26 6
25 0
0
end_DTG
begin_DTG
1
1
53
3
4 0
26 6
25 0
0
end_DTG
begin_DTG
4
1
78
2
2 0
26 11
1
84
2
2 0
26 9
1
39
2
5 0
26 4
1
45
2
5 0
26 3
4
0
77
3
2 0
26 11
25 0
0
83
3
2 0
26 9
25 0
0
38
3
5 0
26 4
25 0
0
44
3
5 0
26 3
25 0
end_DTG
begin_DTG
1
1
54
3
4 0
26 6
29 0
0
end_DTG
begin_DTG
0
1
0
69
3
3 0
18 8
26 1
end_DTG
begin_DTG
0
2
0
99
4
1 0
26 10
24 0
29 0
0
66
4
4 0
26 6
24 0
29 0
end_DTG
begin_DTG
0
2
0
94
4
1 0
18 10
16 0
21 0
0
61
4
4 0
18 6
16 0
21 0
end_DTG
begin_DTG
0
1
0
50
4
4 0
10 6
8 0
13 0
end_DTG
begin_CG
7
7 1
6 1
5 1
4 1
3 1
2 1
1 1
11
33 1
32 1
10 4
18 4
26 4
11 2
14 2
19 2
16 2
27 2
24 2
9
10 6
18 6
26 6
9 4
13 4
17 4
21 4
25 4
29 4
6
10 1
18 1
26 1
15 1
23 1
31 1
18
34 1
33 1
32 1
10 6
18 6
26 6
11 2
12 1
14 2
8 1
19 2
20 1
16 2
22 1
27 2
28 1
24 2
30 1
9
10 6
18 6
26 6
9 4
13 4
17 4
21 4
25 4
29 4
3
10 8
18 8
26 8
6
10 2
18 2
26 2
9 2
17 2
25 2
2
34 1
10 1
4
10 9
11 4
12 1
13 4
10
34 1
18 1
11 4
12 1
14 4
8 1
9 10
13 8
15 1
23 1
1
10 4
1
10 1
5
34 1
10 9
14 4
8 1
9 4
1
10 4
0
2
33 2
18 4
4
18 9
19 4
20 1
21 4
10
33 2
26 1
19 4
20 1
16 4
22 1
17 10
21 8
23 1
31 1
1
18 4
1
18 1
5
33 2
18 9
16 4
22 1
17 4
1
18 1
0
2
32 2
26 4
4
26 9
27 4
28 1
29 4
8
32 2
27 4
28 1
24 4
30 1
25 10
29 8
31 1
1
26 4
1
26 1
5
32 2
26 9
24 4
30 1
25 4
1
26 1
0
0
0
0
end_CG
